Aligning contigs to reference...
	Aligning contigs to the reference
Parsing coords...
Loading reference...
	Loaded [U00096.2__Escherichia_coli_K-12_MG1655_complete_genome__4639675_bp_]
Loading SNPs...
	Total Regions: 1
	Total Region Length: 4639675
Analyzing contigs...
CONTIG: NODE_1_length_1737_cov_1.140904 (1737bp)
Best alignment score: 1737.0 (LEN: 1737, IDY: 100.00)
		One align captures most of this contig: 61790 63526 | 1737 1 | 1737 1737 | 100.0 | U00096.2__Escherichia_coli_K-12_MG1655_complete_genome__4639675_bp_ NODE_1_length_1737_cov_1.140904

CONTIG: NODE_2_length_1409_cov_1.864106 (1409bp)
Best alignment score: 1407.0 (LEN: 1409, IDY: 99.86)
		Skipping these alignments as insignificant (option --ambiguity-score is set to "0.99"):
			Skipping alignment 2512285 2513649 | 1 1365 | 1365 1365 | 99.85 | U00096.2__Escherichia_coli_K-12_MG1655_complete_genome__4639675_bp_ NODE_2_length_1409_cov_1.864106
			Skipping alignment 607220 608585 | 1 1366 | 1366 1366 | 99.63 | U00096.2__Escherichia_coli_K-12_MG1655_complete_genome__4639675_bp_ NODE_2_length_1409_cov_1.864106
		One align captures most of this contig: 15377 16785 | 1 1409 | 1409 1409 | 99.86 | U00096.2__Escherichia_coli_K-12_MG1655_complete_genome__4639675_bp_ NODE_2_length_1409_cov_1.864106

CONTIG: NODE_3_length_1084_cov_1.084548 (1084bp)
Best alignment score: 689.0 (LEN: 691, IDY: 99.71)
			Skipping redundant alignments after choosing the best set of alignments
		Skipping redundant alignment 66649 66741 | 599 691 | 93 93 | 98.92 | U00096.2__Escherichia_coli_K-12_MG1655_complete_genome__4639675_bp_ NODE_3_length_1084_cov_1.084548
			The best set is below. Score: 1002.5, number of alignments: 2, unaligned bases: 0
		This contig is misassembled. 3 total aligns.
			Excluding internal overlap of size 51 between Alignment 1 and 2: 5158 5601 | 1084 641 | 444 444 --> 5158 5550 | 1084 692 | 393 393
			Real Alignment 1: 65966 66656 | 1 691 | 691 691 | 99.71 | U00096.2__Escherichia_coli_K-12_MG1655_complete_genome__4639675_bp_ NODE_3_length_1084_cov_1.084548
			  Extensive misassembly (relocation, inconsistency = 60415) between these two alignments
			Real Alignment 2: 5158 5550 | 1084 692 | 393 393 | 100.0 | U00096.2__Escherichia_coli_K-12_MG1655_complete_genome__4639675_bp_ NODE_3_length_1084_cov_1.084548

CONTIG: NODE_4_length_1083_cov_1.457198 (1083bp)
Best alignment score: 1083.0 (LEN: 1083, IDY: 100.00)
		One align captures most of this contig: 88623 89705 | 1 1083 | 1083 1083 | 100.0 | U00096.2__Escherichia_coli_K-12_MG1655_complete_genome__4639675_bp_ NODE_4_length_1083_cov_1.457198

CONTIG: NODE_5_length_956_cov_1.034406 (956bp)
Best alignment score: 956.0 (LEN: 956, IDY: 100.00)
		One align captures most of this contig: 24420 25375 | 956 1 | 956 956 | 100.0 | U00096.2__Escherichia_coli_K-12_MG1655_complete_genome__4639675_bp_ NODE_5_length_956_cov_1.034406

CONTIG: NODE_6_length_842_cov_3.841169 (842bp)
Best alignment score: 841.0 (LEN: 842, IDY: 99.88)
		Skipping these alignments as insignificant (option --ambiguity-score is set to "0.99"):
			Skipping alignment 1976527 1977292 | 766 1 | 766 766 | 99.87 | U00096.2__Escherichia_coli_K-12_MG1655_complete_genome__4639675_bp_ NODE_6_length_842_cov_3.841169
			Skipping alignment 3581453 3582218 | 1 766 | 766 766 | 99.87 | U00096.2__Escherichia_coli_K-12_MG1655_complete_genome__4639675_bp_ NODE_6_length_842_cov_3.841169
			Skipping alignment 278387 279152 | 766 1 | 766 766 | 98.96 | U00096.2__Escherichia_coli_K-12_MG1655_complete_genome__4639675_bp_ NODE_6_length_842_cov_3.841169
			Skipping alignment 289858 290623 | 766 1 | 766 766 | 98.96 | U00096.2__Escherichia_coli_K-12_MG1655_complete_genome__4639675_bp_ NODE_6_length_842_cov_3.841169
			Skipping alignment 1049003 1049768 | 1 766 | 766 766 | 98.96 | U00096.2__Escherichia_coli_K-12_MG1655_complete_genome__4639675_bp_ NODE_6_length_842_cov_3.841169
		One align captures most of this contig: 19720 20561 | 842 1 | 842 842 | 99.88 | U00096.2__Escherichia_coli_K-12_MG1655_complete_genome__4639675_bp_ NODE_6_length_842_cov_3.841169

CONTIG: NODE_7_length_793_cov_1.149051 (793bp)
Best alignment score: 793.0 (LEN: 793, IDY: 100.00)
		One align captures most of this contig: 53210 54002 | 793 1 | 793 793 | 100.0 | U00096.2__Escherichia_coli_K-12_MG1655_complete_genome__4639675_bp_ NODE_7_length_793_cov_1.149051

CONTIG: NODE_8_length_718_cov_2.304676 (718bp)
Best alignment score: 718.0 (LEN: 718, IDY: 100.00)
		One align captures most of this contig: 77926 78643 | 1 718 | 718 718 | 100.0 | U00096.2__Escherichia_coli_K-12_MG1655_complete_genome__4639675_bp_ NODE_8_length_718_cov_2.304676

CONTIG: NODE_9_length_715_cov_1.603030 (715bp)
Best alignment score: 715.0 (LEN: 715, IDY: 100.00)
		One align captures most of this contig: 14419 15133 | 1 715 | 715 715 | 100.0 | U00096.2__Escherichia_coli_K-12_MG1655_complete_genome__4639675_bp_ NODE_9_length_715_cov_1.603030

CONTIG: NODE_10_length_712_cov_1.171994 (712bp)
Best alignment score: 712.0 (LEN: 712, IDY: 100.00)
		One align captures most of this contig: 85023 85734 | 712 1 | 712 712 | 100.0 | U00096.2__Escherichia_coli_K-12_MG1655_complete_genome__4639675_bp_ NODE_10_length_712_cov_1.171994

CONTIG: NODE_11_length_706_cov_0.946237 (706bp)
Best alignment score: 706.0 (LEN: 706, IDY: 100.00)
		One align captures most of this contig: 57016 57721 | 706 1 | 706 706 | 100.0 | U00096.2__Escherichia_coli_K-12_MG1655_complete_genome__4639675_bp_ NODE_11_length_706_cov_0.946237

CONTIG: NODE_12_length_689_cov_1.503155 (689bp)
Best alignment score: 689.0 (LEN: 689, IDY: 100.00)
		One align captures most of this contig: 37408 38096 | 1 689 | 689 689 | 100.0 | U00096.2__Escherichia_coli_K-12_MG1655_complete_genome__4639675_bp_ NODE_12_length_689_cov_1.503155

CONTIG: NODE_13_length_635_cov_2.018966 (635bp)
Best alignment score: 635.0 (LEN: 635, IDY: 100.00)
		One align captures most of this contig: 55754 56388 | 635 1 | 635 635 | 100.0 | U00096.2__Escherichia_coli_K-12_MG1655_complete_genome__4639675_bp_ NODE_13_length_635_cov_2.018966

CONTIG: NODE_14_length_587_cov_1.385338 (587bp)
Best alignment score: 587.0 (LEN: 587, IDY: 100.00)
		One align captures most of this contig: 51424 52010 | 1 587 | 587 587 | 100.0 | U00096.2__Escherichia_coli_K-12_MG1655_complete_genome__4639675_bp_ NODE_14_length_587_cov_1.385338

CONTIG: NODE_15_length_584_cov_1.489603 (584bp)
Best alignment score: 584.0 (LEN: 584, IDY: 100.00)
		One align captures most of this contig: 18414 18997 | 1 584 | 584 584 | 100.0 | U00096.2__Escherichia_coli_K-12_MG1655_complete_genome__4639675_bp_ NODE_15_length_584_cov_1.489603

CONTIG: NODE_16_length_546_cov_1.429735 (546bp)
Best alignment score: 546.0 (LEN: 546, IDY: 100.00)
		One align captures most of this contig: 10755 11300 | 546 1 | 546 546 | 100.0 | U00096.2__Escherichia_coli_K-12_MG1655_complete_genome__4639675_bp_ NODE_16_length_546_cov_1.429735

CONTIG: NODE_17_length_542_cov_1.763860 (542bp)
Best alignment score: 542.0 (LEN: 542, IDY: 100.00)
		One align captures most of this contig: 8474 9015 | 542 1 | 542 542 | 100.0 | U00096.2__Escherichia_coli_K-12_MG1655_complete_genome__4639675_bp_ NODE_17_length_542_cov_1.763860

CONTIG: NODE_18_length_532_cov_1.098532 (532bp)
Best alignment score: 532.0 (LEN: 532, IDY: 100.00)
		One align captures most of this contig: 87136 87667 | 532 1 | 532 532 | 100.0 | U00096.2__Escherichia_coli_K-12_MG1655_complete_genome__4639675_bp_ NODE_18_length_532_cov_1.098532

CONTIG: NODE_19_length_531_cov_1.155462 (531bp)
Best alignment score: 531.0 (LEN: 531, IDY: 100.00)
		One align captures most of this contig: 17116 17646 | 1 531 | 531 531 | 100.0 | U00096.2__Escherichia_coli_K-12_MG1655_complete_genome__4639675_bp_ NODE_19_length_531_cov_1.155462

CONTIG: NODE_20_length_521_cov_1.568670 (521bp)
Best alignment score: 521.0 (LEN: 521, IDY: 100.00)
		One align captures most of this contig: 19144 19664 | 521 1 | 521 521 | 100.0 | U00096.2__Escherichia_coli_K-12_MG1655_complete_genome__4639675_bp_ NODE_20_length_521_cov_1.568670

Analyzing coverage...
Writing SNPs into /Users/cmdb/qbb2017-answers/week-2/quast_results/results_2017_09_20_22_05_19/contigs_reports/nucmer_output/spades_low.used_snps.gz
	Reference U00096.2__Escherichia_coli_K-12_MG1655_complete_genome__4639675_bp_: 21 total alignments. 1 total regions.
		Region: 1 to 4639675 (4639675 bp)
			START in gap: 1 to 5158 (5157 bp)
			Align 1: 5158 5550 NODE_3_length_1084_cov_1.084548 1084 692
				Gap between this and next alignment: 5550 to 8474 (2923 bp)
				Next Alignment: 8474 9015 NODE_17_length_542_cov_1.763860 542 1

			Align 2: 8474 9015 NODE_17_length_542_cov_1.763860 542 1
				Gap between this and next alignment: 9015 to 10755 (1739 bp)
				Next Alignment: 10755 11300 NODE_16_length_546_cov_1.429735 546 1

			Align 3: 10755 11300 NODE_16_length_546_cov_1.429735 546 1
				Gap between this and next alignment: 11300 to 14419 (3118 bp)
				Next Alignment: 14419 15133 NODE_9_length_715_cov_1.603030 1 715

			Align 4: 14419 15133 NODE_9_length_715_cov_1.603030 1 715
				Gap between this and next alignment: 15133 to 15377 (243 bp)
				Next Alignment: 15377 16785 NODE_2_length_1409_cov_1.864106 1 1409

			Align 5: 15377 16785 NODE_2_length_1409_cov_1.864106 1 1409
				Gap between this and next alignment: 16785 to 17116 (330 bp)
				Next Alignment: 17116 17646 NODE_19_length_531_cov_1.155462 1 531

			Align 6: 17116 17646 NODE_19_length_531_cov_1.155462 1 531
				Gap between this and next alignment: 17646 to 18414 (767 bp)
				Next Alignment: 18414 18997 NODE_15_length_584_cov_1.489603 1 584

			Align 7: 18414 18997 NODE_15_length_584_cov_1.489603 1 584
				Gap between this and next alignment: 18997 to 19144 (146 bp)
				Next Alignment: 19144 19664 NODE_20_length_521_cov_1.568670 521 1

			Align 8: 19144 19664 NODE_20_length_521_cov_1.568670 521 1
				Gap between this and next alignment: 19664 to 19720 (55 bp)
				Next Alignment: 19720 20561 NODE_6_length_842_cov_3.841169 842 1

			Align 9: 19720 20561 NODE_6_length_842_cov_3.841169 842 1
				Gap between this and next alignment: 20561 to 24420 (3858 bp)
				Next Alignment: 24420 25375 NODE_5_length_956_cov_1.034406 956 1

			Align 10: 24420 25375 NODE_5_length_956_cov_1.034406 956 1
				Gap between this and next alignment: 25375 to 37408 (12032 bp)
				Next Alignment: 37408 38096 NODE_12_length_689_cov_1.503155 1 689

			Align 11: 37408 38096 NODE_12_length_689_cov_1.503155 1 689
				Gap between this and next alignment: 38096 to 51424 (13327 bp)
				Next Alignment: 51424 52010 NODE_14_length_587_cov_1.385338 1 587

			Align 12: 51424 52010 NODE_14_length_587_cov_1.385338 1 587
				Gap between this and next alignment: 52010 to 53210 (1199 bp)
				Next Alignment: 53210 54002 NODE_7_length_793_cov_1.149051 793 1

			Align 13: 53210 54002 NODE_7_length_793_cov_1.149051 793 1
				Gap between this and next alignment: 54002 to 55754 (1751 bp)
				Next Alignment: 55754 56388 NODE_13_length_635_cov_2.018966 635 1

			Align 14: 55754 56388 NODE_13_length_635_cov_2.018966 635 1
				Gap between this and next alignment: 56388 to 57016 (627 bp)
				Next Alignment: 57016 57721 NODE_11_length_706_cov_0.946237 706 1

			Align 15: 57016 57721 NODE_11_length_706_cov_0.946237 706 1
				Gap between this and next alignment: 57721 to 61790 (4068 bp)
				Next Alignment: 61790 63526 NODE_1_length_1737_cov_1.140904 1737 1

			Align 16: 61790 63526 NODE_1_length_1737_cov_1.140904 1737 1
				Gap between this and next alignment: 63526 to 65966 (2439 bp)
				Next Alignment: 65966 66656 NODE_3_length_1084_cov_1.084548 1 691

			Align 17: 65966 66656 NODE_3_length_1084_cov_1.084548 1 691
				Gap between this and next alignment: 66656 to 77926 (11269 bp)
				Next Alignment: 77926 78643 NODE_8_length_718_cov_2.304676 1 718

			Align 18: 77926 78643 NODE_8_length_718_cov_2.304676 1 718
				Gap between this and next alignment: 78643 to 85023 (6379 bp)
				Next Alignment: 85023 85734 NODE_10_length_712_cov_1.171994 712 1

			Align 19: 85023 85734 NODE_10_length_712_cov_1.171994 712 1
				Gap between this and next alignment: 85734 to 87136 (1401 bp)
				Next Alignment: 87136 87667 NODE_18_length_532_cov_1.098532 532 1

			Align 20: 87136 87667 NODE_18_length_532_cov_1.098532 532 1
				Gap between this and next alignment: 87667 to 88623 (955 bp)
				Next Alignment: 88623 89705 NODE_4_length_1083_cov_1.457198 1 1083

			Align 21: 88623 89705 NODE_4_length_1083_cov_1.457198 1 1083
			END in gap: 89705 to 4639675 (4549970 bp).

Analysis is finished!
Founded SNPs were written into /Users/cmdb/qbb2017-answers/week-2/quast_results/results_2017_09_20_22_05_19/contigs_reports/nucmer_output/spades_low.used_snps.gz

Results:
	Local Misassemblies: 0
	Misassemblies: 1
		Relocations: 1
		Translocations: 0
		Inversions: 0
	Misassembled Contigs: 1
	Misassembled Contig Bases: 1084
	Misassemblies Inter-Contig Overlap: 0
Uncovered Regions: 0 (0)
Unaligned Contigs: 0 + 0 part
Half Unaligned Contigs with Misassemblies: 0
Unaligned Contig Bases: 0

Ambiguously Mapped Contigs: 0
Total Bases in Ambiguously Mapped Contigs: 0
Extra Bases in Ambiguously Mapped Contigs: 0
Note that --allow-ambiguity option was set to "one" and only first alignment per each of these contigs was used.

	Covered Bases: 15922

	SNPs: 5
	Insertions: 0
	Deletions: 0

	Positive Gaps: 22
		Internal Gaps: 0
		External Gaps: 22
		External Gap Total: 4623753
		External Gap Average: 210171
	Negative Gaps: 0
		Internal Overlaps: 0
		External Overlaps: 0
		External Overlaps Total: 0
		External Overlaps Average: 0
	Contigs with Redundant Alignments: 0 (0)
